2019-11-13 18:12:36,860|root        |INFO    |Running emulator
2019-11-13 18:12:36,861|root        |INFO    |Emulator run triggered
2019-11-13 18:12:36,861|root        |INFO    |sensor class instantiated
2019-11-13 18:12:36,881|root        |INFO    |topic|sensor/1|message|2019-11-13|18:12:36|6
2019-11-13 18:12:41,887|root        |INFO    |topic|sensor/1|message|2019-11-13|18:12:41|5
2019-11-13 18:12:46,892|root        |INFO    |topic|sensor/1|message|2019-11-13|18:12:46|4
2019-11-13 18:12:51,896|root        |INFO    |topic|sensor/1|message|2019-11-13|18:12:51|6
2019-11-13 18:12:56,901|root        |INFO    |topic|sensor/1|message|2019-11-13|18:12:56|4
2019-11-13 18:13:01,905|root        |INFO    |topic|sensor/1|message|2019-11-13|18:13:01|3
2019-11-13 18:13:06,908|root        |INFO    |topic|sensor/1|message|2019-11-13|18:13:06|6
2019-11-13 18:13:11,922|root        |INFO    |topic|sensor/1|message|2019-11-13|18:13:11|10
2019-11-13 18:13:16,927|root        |INFO    |topic|sensor/1|message|2019-11-13|18:13:16|6
2019-11-13 18:13:21,932|root        |INFO    |topic|sensor/1|message|2019-11-13|18:13:21|2
2019-11-13 18:13:26,938|root        |INFO    |topic|sensor/1|message|2019-11-13|18:13:26|8
2019-11-13 18:13:31,941|root        |INFO    |topic|sensor/1|message|2019-11-13|18:13:31|9
2019-11-13 18:13:36,945|root        |INFO    |topic|sensor/1|message|2019-11-13|18:13:36|7
2019-11-13 18:13:41,950|root        |INFO    |topic|sensor/1|message|2019-11-13|18:13:41|5
2019-11-13 18:13:46,957|root        |INFO    |topic|sensor/1|message|2019-11-13|18:13:46|10
2019-11-13 18:13:51,962|root        |INFO    |topic|sensor/1|message|2019-11-13|18:13:51|9
2019-11-13 18:13:56,966|root        |INFO    |topic|sensor/1|message|2019-11-13|18:13:56|3
2019-11-13 18:14:01,970|root        |INFO    |topic|sensor/1|message|2019-11-13|18:14:01|10
2019-11-13 18:14:06,973|root        |INFO    |topic|sensor/1|message|2019-11-13|18:14:06|2
2019-11-13 18:14:11,975|root        |INFO    |topic|sensor/1|message|2019-11-13|18:14:11|8
2019-11-13 18:14:16,980|root        |INFO    |topic|sensor/1|message|2019-11-13|18:14:16|5
2019-11-13 18:14:21,985|root        |INFO    |topic|sensor/1|message|2019-11-13|18:14:21|5
2019-11-13 18:14:26,992|root        |INFO    |topic|sensor/1|message|2019-11-13|18:14:26|10
2019-11-13 18:14:31,993|root        |INFO    |topic|sensor/1|message|2019-11-13|18:14:31|3
2019-11-13 18:14:36,997|root        |INFO    |topic|sensor/1|message|2019-11-13|18:14:36|2
2019-11-13 18:14:42,001|root        |INFO    |topic|sensor/1|message|2019-11-13|18:14:42|3
2019-11-13 18:14:47,007|root        |INFO    |topic|sensor/1|message|2019-11-13|18:14:47|3
2019-11-13 18:14:52,010|root        |INFO    |topic|sensor/1|message|2019-11-13|18:14:52|8
2019-11-13 18:14:57,015|root        |INFO    |topic|sensor/1|message|2019-11-13|18:14:57|5
2019-11-13 18:15:02,017|root        |INFO    |topic|sensor/1|message|2019-11-13|18:15:02|10
2019-11-13 18:15:07,019|root        |INFO    |topic|sensor/1|message|2019-11-13|18:15:07|9
2019-11-13 18:15:12,021|root        |INFO    |topic|sensor/1|message|2019-11-13|18:15:12|1
2019-11-13 18:15:17,026|root        |INFO    |topic|sensor/1|message|2019-11-13|18:15:17|8
2019-11-13 18:15:22,030|root        |INFO    |topic|sensor/1|message|2019-11-13|18:15:22|10
2019-11-13 18:15:27,035|root        |INFO    |topic|sensor/1|message|2019-11-13|18:15:27|9
2019-11-13 18:15:32,042|root        |INFO    |topic|sensor/1|message|2019-11-13|18:15:32|10
2019-11-13 18:15:37,047|root        |INFO    |topic|sensor/1|message|2019-11-13|18:15:37|5
2019-11-13 18:15:42,052|root        |INFO    |topic|sensor/1|message|2019-11-13|18:15:42|6
2019-11-13 18:15:47,057|root        |INFO    |topic|sensor/1|message|2019-11-13|18:15:47|2
2019-11-13 18:15:52,060|root        |INFO    |topic|sensor/1|message|2019-11-13|18:15:52|5
2019-11-13 18:15:57,061|root        |INFO    |topic|sensor/1|message|2019-11-13|18:15:57|10
2019-11-13 18:16:02,065|root        |INFO    |topic|sensor/1|message|2019-11-13|18:16:02|1
2019-11-13 18:16:07,071|root        |INFO    |topic|sensor/1|message|2019-11-13|18:16:07|10
2019-11-13 18:16:12,075|root        |INFO    |topic|sensor/1|message|2019-11-13|18:16:12|5
2019-11-13 18:16:17,080|root        |INFO    |topic|sensor/1|message|2019-11-13|18:16:17|1
2019-11-13 18:16:22,087|root        |INFO    |topic|sensor/1|message|2019-11-13|18:16:22|5
2019-11-13 18:16:27,089|root        |INFO    |topic|sensor/1|message|2019-11-13|18:16:27|3
2019-11-13 18:16:32,090|root        |INFO    |topic|sensor/1|message|2019-11-13|18:16:32|4
2019-11-13 18:16:37,091|root        |INFO    |topic|sensor/1|message|2019-11-13|18:16:37|6
2019-11-13 18:16:42,094|root        |INFO    |topic|sensor/1|message|2019-11-13|18:16:42|4
2019-11-13 18:16:47,098|root        |INFO    |topic|sensor/1|message|2019-11-13|18:16:47|3
2019-11-13 18:16:52,104|root        |INFO    |topic|sensor/1|message|2019-11-13|18:16:52|8
2019-11-13 18:16:57,110|root        |INFO    |topic|sensor/1|message|2019-11-13|18:16:57|10
2019-11-13 18:17:02,115|root        |INFO    |topic|sensor/1|message|2019-11-13|18:17:02|2
2019-11-13 18:17:07,120|root        |INFO    |topic|sensor/1|message|2019-11-13|18:17:07|10
2019-11-13 18:17:12,125|root        |INFO    |topic|sensor/1|message|2019-11-13|18:17:12|10
2019-11-13 18:17:17,128|root        |INFO    |topic|sensor/1|message|2019-11-13|18:17:17|3
2019-11-13 18:17:22,133|root        |INFO    |topic|sensor/1|message|2019-11-13|18:17:22|9
2019-11-13 18:17:27,140|root        |INFO    |topic|sensor/1|message|2019-11-13|18:17:27|2
2019-11-13 18:17:32,144|root        |INFO    |topic|sensor/1|message|2019-11-13|18:17:32|1
2019-11-13 18:17:37,150|root        |INFO    |topic|sensor/1|message|2019-11-13|18:17:37|3
2019-11-13 18:17:42,157|root        |INFO    |topic|sensor/1|message|2019-11-13|18:17:42|4
2019-11-13 18:17:47,161|root        |INFO    |topic|sensor/1|message|2019-11-13|18:17:47|6
2019-11-13 18:17:52,166|root        |INFO    |topic|sensor/1|message|2019-11-13|18:17:52|4
2019-11-13 18:17:57,170|root        |INFO    |topic|sensor/1|message|2019-11-13|18:17:57|2
2019-11-13 18:18:02,176|root        |INFO    |topic|sensor/1|message|2019-11-13|18:18:02|2
2019-11-13 18:18:07,179|root        |INFO    |topic|sensor/1|message|2019-11-13|18:18:07|1
2019-11-13 18:18:12,183|root        |INFO    |topic|sensor/1|message|2019-11-13|18:18:12|2
2019-11-13 18:18:17,187|root        |INFO    |topic|sensor/1|message|2019-11-13|18:18:17|6
2019-11-13 18:18:22,191|root        |INFO    |topic|sensor/1|message|2019-11-13|18:18:22|6
2019-11-13 18:18:27,196|root        |INFO    |topic|sensor/1|message|2019-11-13|18:18:27|4
2019-11-13 18:18:32,200|root        |INFO    |topic|sensor/1|message|2019-11-13|18:18:32|1
2019-11-13 18:18:37,204|root        |INFO    |topic|sensor/1|message|2019-11-13|18:18:37|8
2019-11-13 18:18:42,209|root        |INFO    |topic|sensor/1|message|2019-11-13|18:18:42|3
2019-11-13 18:18:47,214|root        |INFO    |topic|sensor/1|message|2019-11-13|18:18:47|6
2019-11-13 18:18:52,218|root        |INFO    |topic|sensor/1|message|2019-11-13|18:18:52|10
2019-11-13 18:18:57,222|root        |INFO    |topic|sensor/1|message|2019-11-13|18:18:57|6
2019-11-13 18:19:02,227|root        |INFO    |topic|sensor/1|message|2019-11-13|18:19:02|3
2019-11-13 18:19:07,233|root        |INFO    |topic|sensor/1|message|2019-11-13|18:19:07|1
2019-11-13 18:19:12,237|root        |INFO    |topic|sensor/1|message|2019-11-13|18:19:12|5
2019-11-13 18:19:17,243|root        |INFO    |topic|sensor/1|message|2019-11-13|18:19:17|8
2019-11-13 18:19:22,248|root        |INFO    |topic|sensor/1|message|2019-11-13|18:19:22|5
2019-11-13 18:19:27,252|root        |INFO    |topic|sensor/1|message|2019-11-13|18:19:27|5
2019-11-13 18:19:32,256|root        |INFO    |topic|sensor/1|message|2019-11-13|18:19:32|8
2019-11-13 18:19:37,261|root        |INFO    |topic|sensor/1|message|2019-11-13|18:19:37|8
2019-11-13 18:19:42,264|root        |INFO    |topic|sensor/1|message|2019-11-13|18:19:42|8
2019-11-13 18:19:47,268|root        |INFO    |topic|sensor/1|message|2019-11-13|18:19:47|7
2019-11-13 18:19:52,271|root        |INFO    |topic|sensor/1|message|2019-11-13|18:19:52|9
2019-11-13 18:19:57,275|root        |INFO    |topic|sensor/1|message|2019-11-13|18:19:57|4
2019-11-13 18:20:02,278|root        |INFO    |topic|sensor/1|message|2019-11-13|18:20:02|6
2019-11-13 18:20:07,281|root        |INFO    |topic|sensor/1|message|2019-11-13|18:20:07|9
2019-11-13 18:20:12,285|root        |INFO    |topic|sensor/1|message|2019-11-13|18:20:12|7
2019-11-13 18:20:17,287|root        |INFO    |topic|sensor/1|message|2019-11-13|18:20:17|3
2019-11-13 18:20:22,291|root        |INFO    |topic|sensor/1|message|2019-11-13|18:20:22|3
2019-11-13 18:20:27,294|root        |INFO    |topic|sensor/1|message|2019-11-13|18:20:27|1
2019-11-13 18:20:32,299|root        |INFO    |topic|sensor/1|message|2019-11-13|18:20:32|7
2019-11-13 18:20:37,303|root        |INFO    |topic|sensor/1|message|2019-11-13|18:20:37|5
2019-11-13 18:20:42,307|root        |INFO    |topic|sensor/1|message|2019-11-13|18:20:42|10
2019-11-13 18:20:47,309|root        |INFO    |topic|sensor/1|message|2019-11-13|18:20:47|8
2019-11-13 18:20:52,314|root        |INFO    |topic|sensor/1|message|2019-11-13|18:20:52|1
2019-11-13 18:20:57,319|root        |INFO    |topic|sensor/1|message|2019-11-13|18:20:57|9
2019-11-13 18:21:02,323|root        |INFO    |topic|sensor/1|message|2019-11-13|18:21:02|8
2019-11-13 18:21:07,328|root        |INFO    |topic|sensor/1|message|2019-11-13|18:21:07|2
2019-11-13 18:21:12,335|root        |INFO    |topic|sensor/1|message|2019-11-13|18:21:12|4
2019-11-13 18:21:17,340|root        |INFO    |topic|sensor/1|message|2019-11-13|18:21:17|6
2019-11-13 18:21:22,342|root        |INFO    |topic|sensor/1|message|2019-11-13|18:21:22|6
2019-11-13 18:21:27,347|root        |INFO    |topic|sensor/1|message|2019-11-13|18:21:27|10
2019-11-13 18:21:32,352|root        |INFO    |topic|sensor/1|message|2019-11-13|18:21:32|10
2019-11-13 18:21:37,355|root        |INFO    |topic|sensor/1|message|2019-11-13|18:21:37|5
2019-11-13 18:21:42,358|root        |INFO    |topic|sensor/1|message|2019-11-13|18:21:42|2
2019-11-13 18:21:47,361|root        |INFO    |topic|sensor/1|message|2019-11-13|18:21:47|2
2019-11-13 18:21:52,363|root        |INFO    |topic|sensor/1|message|2019-11-13|18:21:52|5
2019-11-13 18:21:57,367|root        |INFO    |topic|sensor/1|message|2019-11-13|18:21:57|7
2019-11-13 18:22:02,371|root        |INFO    |topic|sensor/1|message|2019-11-13|18:22:02|4
2019-11-13 18:22:07,377|root        |INFO    |topic|sensor/1|message|2019-11-13|18:22:07|6
2019-11-13 18:22:12,381|root        |INFO    |topic|sensor/1|message|2019-11-13|18:22:12|5
2019-11-13 18:22:17,386|root        |INFO    |topic|sensor/1|message|2019-11-13|18:22:17|4
2019-11-13 18:22:22,390|root        |INFO    |topic|sensor/1|message|2019-11-13|18:22:22|6
2019-11-13 18:22:27,397|root        |INFO    |topic|sensor/1|message|2019-11-13|18:22:27|4
2019-11-13 18:22:32,403|root        |INFO    |topic|sensor/1|message|2019-11-13|18:22:32|2
2019-11-13 18:22:37,408|root        |INFO    |topic|sensor/1|message|2019-11-13|18:22:37|10
2019-11-13 18:22:42,412|root        |INFO    |topic|sensor/1|message|2019-11-13|18:22:42|10
2019-11-13 18:22:47,416|root        |INFO    |topic|sensor/1|message|2019-11-13|18:22:47|4
2019-11-13 18:22:52,423|root        |INFO    |topic|sensor/1|message|2019-11-13|18:22:52|6
2019-11-13 18:22:57,429|root        |INFO    |topic|sensor/1|message|2019-11-13|18:22:57|3
2019-11-13 18:23:02,431|root        |INFO    |topic|sensor/1|message|2019-11-13|18:23:02|6
2019-11-13 18:23:07,434|root        |INFO    |topic|sensor/1|message|2019-11-13|18:23:07|3
2019-11-13 18:23:12,439|root        |INFO    |topic|sensor/1|message|2019-11-13|18:23:12|2
2019-11-13 18:23:17,443|root        |INFO    |topic|sensor/1|message|2019-11-13|18:23:17|9
2019-11-13 18:23:22,447|root        |INFO    |topic|sensor/1|message|2019-11-13|18:23:22|2
2019-11-13 18:23:27,452|root        |INFO    |topic|sensor/1|message|2019-11-13|18:23:27|6
2019-11-13 18:23:32,457|root        |INFO    |topic|sensor/1|message|2019-11-13|18:23:32|6
2019-11-13 18:23:37,462|root        |INFO    |topic|sensor/1|message|2019-11-13|18:23:37|2
2019-11-13 18:23:42,465|root        |INFO    |topic|sensor/1|message|2019-11-13|18:23:42|5
2019-11-13 18:23:47,469|root        |INFO    |topic|sensor/1|message|2019-11-13|18:23:47|4
2019-11-13 18:23:52,474|root        |INFO    |topic|sensor/1|message|2019-11-13|18:23:52|9
2019-11-13 18:23:57,481|root        |INFO    |topic|sensor/1|message|2019-11-13|18:23:57|8
2019-11-13 18:24:02,487|root        |INFO    |topic|sensor/1|message|2019-11-13|18:24:02|3
2019-11-13 18:24:07,491|root        |INFO    |topic|sensor/1|message|2019-11-13|18:24:07|6
2019-11-13 18:24:12,492|root        |INFO    |topic|sensor/1|message|2019-11-13|18:24:12|6
2019-11-13 18:24:17,499|root        |INFO    |topic|sensor/1|message|2019-11-13|18:24:17|6
2019-11-13 18:24:22,504|root        |INFO    |topic|sensor/1|message|2019-11-13|18:24:22|8
2019-11-13 18:24:27,508|root        |INFO    |topic|sensor/1|message|2019-11-13|18:24:27|8
2019-11-13 18:24:32,514|root        |INFO    |topic|sensor/1|message|2019-11-13|18:24:32|10
2019-11-13 18:24:37,519|root        |INFO    |topic|sensor/1|message|2019-11-13|18:24:37|9
2019-11-13 18:24:42,525|root        |INFO    |topic|sensor/1|message|2019-11-13|18:24:42|2
2019-11-13 18:24:47,530|root        |INFO    |topic|sensor/1|message|2019-11-13|18:24:47|5
2019-11-13 18:24:52,537|root        |INFO    |topic|sensor/1|message|2019-11-13|18:24:52|5
2019-11-13 18:24:57,542|root        |INFO    |topic|sensor/1|message|2019-11-13|18:24:57|8
2019-11-13 18:25:02,547|root        |INFO    |topic|sensor/1|message|2019-11-13|18:25:02|6
2019-11-13 18:25:07,552|root        |INFO    |topic|sensor/1|message|2019-11-13|18:25:07|10
2019-11-13 18:25:12,557|root        |INFO    |topic|sensor/1|message|2019-11-13|18:25:12|2
2019-11-13 18:25:17,560|root        |INFO    |topic|sensor/1|message|2019-11-13|18:25:17|8
2019-11-13 18:25:22,565|root        |INFO    |topic|sensor/1|message|2019-11-13|18:25:22|5
2019-11-13 18:25:27,569|root        |INFO    |topic|sensor/1|message|2019-11-13|18:25:27|8
2019-11-13 18:25:32,574|root        |INFO    |topic|sensor/1|message|2019-11-13|18:25:32|2
2019-11-13 18:25:37,579|root        |INFO    |topic|sensor/1|message|2019-11-13|18:25:37|4
2019-11-13 18:25:42,583|root        |INFO    |topic|sensor/1|message|2019-11-13|18:25:42|7
2019-11-13 18:25:47,589|root        |INFO    |topic|sensor/1|message|2019-11-13|18:25:47|6
2019-11-13 18:25:52,596|root        |INFO    |topic|sensor/1|message|2019-11-13|18:25:52|10
2019-11-13 18:25:57,600|root        |INFO    |topic|sensor/1|message|2019-11-13|18:25:57|3
2019-11-13 18:26:02,605|root        |INFO    |topic|sensor/1|message|2019-11-13|18:26:02|10
2019-11-13 18:26:07,610|root        |INFO    |topic|sensor/1|message|2019-11-13|18:26:07|7
2019-11-13 18:26:12,615|root        |INFO    |topic|sensor/1|message|2019-11-13|18:26:12|5
2019-11-13 18:26:17,620|root        |INFO    |topic|sensor/1|message|2019-11-13|18:26:17|9
2019-11-13 18:26:22,624|root        |INFO    |topic|sensor/1|message|2019-11-13|18:26:22|2
2019-11-13 18:26:27,627|root        |INFO    |topic|sensor/1|message|2019-11-13|18:26:27|5
2019-11-13 18:26:32,632|root        |INFO    |topic|sensor/1|message|2019-11-13|18:26:32|10
2019-11-13 18:26:37,637|root        |INFO    |topic|sensor/1|message|2019-11-13|18:26:37|1
2019-11-13 18:26:42,642|root        |INFO    |topic|sensor/1|message|2019-11-13|18:26:42|9
2019-11-13 18:26:47,649|root        |INFO    |topic|sensor/1|message|2019-11-13|18:26:47|9
2019-11-13 18:26:52,654|root        |INFO    |topic|sensor/1|message|2019-11-13|18:26:52|1
2019-11-13 18:26:57,658|root        |INFO    |topic|sensor/1|message|2019-11-13|18:26:57|1
2019-11-13 18:27:02,663|root        |INFO    |topic|sensor/1|message|2019-11-13|18:27:02|9
2019-11-13 18:27:07,668|root        |INFO    |topic|sensor/1|message|2019-11-13|18:27:07|8
2019-11-13 18:27:12,673|root        |INFO    |topic|sensor/1|message|2019-11-13|18:27:12|7
2019-11-13 18:27:17,679|root        |INFO    |topic|sensor/1|message|2019-11-13|18:27:17|8
2019-11-13 18:27:22,680|root        |INFO    |topic|sensor/1|message|2019-11-13|18:27:22|9
2019-11-13 18:27:27,691|root        |INFO    |topic|sensor/1|message|2019-11-13|18:27:27|1
2019-11-13 18:27:32,696|root        |INFO    |topic|sensor/1|message|2019-11-13|18:27:32|7
2019-11-13 18:27:37,701|root        |INFO    |topic|sensor/1|message|2019-11-13|18:27:37|8
2019-11-13 18:27:42,706|root        |INFO    |topic|sensor/1|message|2019-11-13|18:27:42|7
2019-11-13 18:27:47,711|root        |INFO    |topic|sensor/1|message|2019-11-13|18:27:47|2
2019-11-13 18:27:52,718|root        |INFO    |topic|sensor/1|message|2019-11-13|18:27:52|8
2019-11-13 18:27:57,724|root        |INFO    |topic|sensor/1|message|2019-11-13|18:27:57|5
2019-11-13 18:28:02,728|root        |INFO    |topic|sensor/1|message|2019-11-13|18:28:02|6
2019-11-13 18:28:07,731|root        |INFO    |topic|sensor/1|message|2019-11-13|18:28:07|1
2019-11-13 18:28:12,736|root        |INFO    |topic|sensor/1|message|2019-11-13|18:28:12|9
2019-11-13 18:28:17,741|root        |INFO    |topic|sensor/1|message|2019-11-13|18:28:17|10
2019-11-13 18:28:22,746|root        |INFO    |topic|sensor/1|message|2019-11-13|18:28:22|9
2019-11-13 18:28:27,751|root        |INFO    |topic|sensor/1|message|2019-11-13|18:28:27|3
2019-11-13 18:28:32,756|root        |INFO    |topic|sensor/1|message|2019-11-13|18:28:32|1
2019-11-13 18:28:37,760|root        |INFO    |topic|sensor/1|message|2019-11-13|18:28:37|6
2019-11-13 18:28:42,764|root        |INFO    |topic|sensor/1|message|2019-11-13|18:28:42|3
2019-11-13 18:28:47,769|root        |INFO    |topic|sensor/1|message|2019-11-13|18:28:47|1
2019-11-13 18:28:52,774|root        |INFO    |topic|sensor/1|message|2019-11-13|18:28:52|4
2019-11-13 18:28:57,779|root        |INFO    |topic|sensor/1|message|2019-11-13|18:28:57|1
2019-11-13 18:29:02,782|root        |INFO    |topic|sensor/1|message|2019-11-13|18:29:02|6
2019-11-13 18:29:07,785|root        |INFO    |topic|sensor/1|message|2019-11-13|18:29:07|2
2019-11-13 18:29:12,790|root        |INFO    |topic|sensor/1|message|2019-11-13|18:29:12|7
2019-11-13 18:29:17,792|root        |INFO    |topic|sensor/1|message|2019-11-13|18:29:17|10
2019-11-13 18:29:22,795|root        |INFO    |topic|sensor/1|message|2019-11-13|18:29:22|7
2019-11-13 18:29:27,800|root        |INFO    |topic|sensor/1|message|2019-11-13|18:29:27|2
2019-11-13 18:29:32,810|root        |INFO    |topic|sensor/1|message|2019-11-13|18:29:32|7
2019-11-13 18:29:37,813|root        |INFO    |topic|sensor/1|message|2019-11-13|18:29:37|3
2019-11-13 18:29:42,817|root        |INFO    |topic|sensor/1|message|2019-11-13|18:29:42|7
2019-11-13 18:29:47,821|root        |INFO    |topic|sensor/1|message|2019-11-13|18:29:47|4
2019-11-13 18:29:52,824|root        |INFO    |topic|sensor/1|message|2019-11-13|18:29:52|8
2019-11-13 18:29:57,826|root        |INFO    |topic|sensor/1|message|2019-11-13|18:29:57|1
2019-11-13 18:30:02,831|root        |INFO    |topic|sensor/1|message|2019-11-13|18:30:02|10
2019-11-13 18:30:07,834|root        |INFO    |topic|sensor/1|message|2019-11-13|18:30:07|10
2019-11-13 18:30:12,835|root        |INFO    |topic|sensor/1|message|2019-11-13|18:30:12|3
2019-11-13 18:30:17,840|root        |INFO    |topic|sensor/1|message|2019-11-13|18:30:17|8
2019-11-13 18:30:22,842|root        |INFO    |topic|sensor/1|message|2019-11-13|18:30:22|10
2019-11-13 18:30:27,846|root        |INFO    |topic|sensor/1|message|2019-11-13|18:30:27|8
2019-11-13 18:30:32,850|root        |INFO    |topic|sensor/1|message|2019-11-13|18:30:32|10
2019-11-13 18:30:37,853|root        |INFO    |topic|sensor/1|message|2019-11-13|18:30:37|1
2019-11-13 18:30:42,858|root        |INFO    |topic|sensor/1|message|2019-11-13|18:30:42|7
2019-11-13 18:30:47,863|root        |INFO    |topic|sensor/1|message|2019-11-13|18:30:47|5
2019-11-13 18:30:52,868|root        |INFO    |topic|sensor/1|message|2019-11-13|18:30:52|4
2019-11-13 18:30:57,873|root        |INFO    |topic|sensor/1|message|2019-11-13|18:30:57|10
2019-11-13 18:31:02,876|root        |INFO    |topic|sensor/1|message|2019-11-13|18:31:02|10
2019-11-13 18:31:07,877|root        |INFO    |topic|sensor/1|message|2019-11-13|18:31:07|5
2019-11-13 18:31:12,882|root        |INFO    |topic|sensor/1|message|2019-11-13|18:31:12|4
2019-11-13 18:31:17,886|root        |INFO    |topic|sensor/1|message|2019-11-13|18:31:17|10
2019-11-13 18:31:22,891|root        |INFO    |topic|sensor/1|message|2019-11-13|18:31:22|10
2019-11-13 18:31:27,896|root        |INFO    |topic|sensor/1|message|2019-11-13|18:31:27|3
2019-11-13 18:31:32,901|root        |INFO    |topic|sensor/1|message|2019-11-13|18:31:32|4
2019-11-13 18:31:37,907|root        |INFO    |topic|sensor/1|message|2019-11-13|18:31:37|10
2019-11-13 18:31:42,911|root        |INFO    |topic|sensor/1|message|2019-11-13|18:31:42|2
2019-11-13 18:31:47,917|root        |INFO    |topic|sensor/1|message|2019-11-13|18:31:47|9
2019-11-13 18:31:52,918|root        |INFO    |topic|sensor/1|message|2019-11-13|18:31:52|6
2019-11-13 18:31:57,923|root        |INFO    |topic|sensor/1|message|2019-11-13|18:31:57|1
2019-11-13 18:32:02,928|root        |INFO    |topic|sensor/1|message|2019-11-13|18:32:02|5
2019-11-13 18:32:07,931|root        |INFO    |topic|sensor/1|message|2019-11-13|18:32:07|6
2019-11-13 18:32:12,933|root        |INFO    |topic|sensor/1|message|2019-11-13|18:32:12|7
2019-11-13 18:32:17,934|root        |INFO    |topic|sensor/1|message|2019-11-13|18:32:17|5
2019-11-13 18:32:22,936|root        |INFO    |topic|sensor/1|message|2019-11-13|18:32:22|8
2019-11-13 18:32:27,942|root        |INFO    |topic|sensor/1|message|2019-11-13|18:32:27|1
2019-11-13 18:32:32,946|root        |INFO    |topic|sensor/1|message|2019-11-13|18:32:32|10
2019-11-13 18:32:37,950|root        |INFO    |topic|sensor/1|message|2019-11-13|18:32:37|7
2019-11-13 18:32:42,954|root        |INFO    |topic|sensor/1|message|2019-11-13|18:32:42|5
2019-11-13 18:32:47,958|root        |INFO    |topic|sensor/1|message|2019-11-13|18:32:47|6
2019-11-13 18:32:52,963|root        |INFO    |topic|sensor/1|message|2019-11-13|18:32:52|3
2019-11-13 18:32:57,964|root        |INFO    |topic|sensor/1|message|2019-11-13|18:32:57|4
2019-11-13 18:33:02,968|root        |INFO    |topic|sensor/1|message|2019-11-13|18:33:02|9
2019-11-13 18:33:07,972|root        |INFO    |topic|sensor/1|message|2019-11-13|18:33:07|8
2019-11-13 18:33:12,977|root        |INFO    |topic|sensor/1|message|2019-11-13|18:33:12|7
2019-11-13 18:33:17,982|root        |INFO    |topic|sensor/1|message|2019-11-13|18:33:17|4
2019-11-13 18:33:22,984|root        |INFO    |topic|sensor/1|message|2019-11-13|18:33:22|3
2019-11-13 18:33:27,987|root        |INFO    |topic|sensor/1|message|2019-11-13|18:33:27|6
2019-11-13 18:33:32,991|root        |INFO    |topic|sensor/1|message|2019-11-13|18:33:32|8
2019-11-13 18:33:37,996|root        |INFO    |topic|sensor/1|message|2019-11-13|18:33:37|4
2019-11-13 18:33:42,998|root        |INFO    |topic|sensor/1|message|2019-11-13|18:33:42|1
2019-11-13 18:33:48,000|root        |INFO    |topic|sensor/1|message|2019-11-13|18:33:48|6
2019-11-13 18:33:53,005|root        |INFO    |topic|sensor/1|message|2019-11-13|18:33:53|6
2019-11-13 18:33:58,009|root        |INFO    |topic|sensor/1|message|2019-11-13|18:33:58|9
2019-11-13 18:34:03,013|root        |INFO    |topic|sensor/1|message|2019-11-13|18:34:03|9
2019-11-13 18:34:08,018|root        |INFO    |topic|sensor/1|message|2019-11-13|18:34:08|10
2019-11-13 18:34:13,021|root        |INFO    |topic|sensor/1|message|2019-11-13|18:34:13|1
2019-11-13 18:34:18,025|root        |INFO    |topic|sensor/1|message|2019-11-13|18:34:18|8
2019-11-13 18:34:23,030|root        |INFO    |topic|sensor/1|message|2019-11-13|18:34:23|7
2019-11-13 18:34:28,034|root        |INFO    |topic|sensor/1|message|2019-11-13|18:34:28|1
2019-11-13 18:34:33,038|root        |INFO    |topic|sensor/1|message|2019-11-13|18:34:33|8
2019-11-13 18:34:38,042|root        |INFO    |topic|sensor/1|message|2019-11-13|18:34:38|5
2019-11-13 18:34:43,047|root        |INFO    |topic|sensor/1|message|2019-11-13|18:34:43|6
2019-11-13 18:34:48,052|root        |INFO    |topic|sensor/1|message|2019-11-13|18:34:48|5
2019-11-13 18:34:53,057|root        |INFO    |topic|sensor/1|message|2019-11-13|18:34:53|3
2019-11-13 18:34:58,060|root        |INFO    |topic|sensor/1|message|2019-11-13|18:34:58|4
2019-11-13 18:35:03,065|root        |INFO    |topic|sensor/1|message|2019-11-13|18:35:03|2
2019-11-13 18:35:08,069|root        |INFO    |topic|sensor/1|message|2019-11-13|18:35:08|7
2019-11-13 18:35:13,073|root        |INFO    |topic|sensor/1|message|2019-11-13|18:35:13|5
2019-11-13 18:35:18,079|root        |INFO    |topic|sensor/1|message|2019-11-13|18:35:18|8
2019-11-13 18:35:23,084|root        |INFO    |topic|sensor/1|message|2019-11-13|18:35:23|2
2019-11-13 18:35:28,088|root        |INFO    |topic|sensor/1|message|2019-11-13|18:35:28|10
2019-11-13 18:35:33,091|root        |INFO    |topic|sensor/1|message|2019-11-13|18:35:33|10
2019-11-13 18:35:38,105|root        |INFO    |topic|sensor/1|message|2019-11-13|18:35:38|8
2019-11-13 18:35:43,126|root        |INFO    |topic|sensor/1|message|2019-11-13|18:35:43|7
2019-11-13 18:35:48,131|root        |INFO    |topic|sensor/1|message|2019-11-13|18:35:48|4
2019-11-13 18:35:53,135|root        |INFO    |topic|sensor/1|message|2019-11-13|18:35:53|2
2019-11-13 18:35:58,142|root        |INFO    |topic|sensor/1|message|2019-11-13|18:35:58|2
2019-11-13 18:36:03,144|root        |INFO    |topic|sensor/1|message|2019-11-13|18:36:03|10
2019-11-13 18:36:08,149|root        |INFO    |topic|sensor/1|message|2019-11-13|18:36:08|3
2019-11-13 18:36:13,152|root        |INFO    |topic|sensor/1|message|2019-11-13|18:36:13|2
2019-11-13 18:36:18,158|root        |INFO    |topic|sensor/1|message|2019-11-13|18:36:18|2
2019-11-13 18:36:23,161|root        |INFO    |topic|sensor/1|message|2019-11-13|18:36:23|5
2019-11-13 18:36:28,166|root        |INFO    |topic|sensor/1|message|2019-11-13|18:36:28|10
2019-11-13 18:36:33,171|root        |INFO    |topic|sensor/1|message|2019-11-13|18:36:33|5
2019-11-13 18:36:38,174|root        |INFO    |topic|sensor/1|message|2019-11-13|18:36:38|8
2019-11-13 18:36:43,178|root        |INFO    |topic|sensor/1|message|2019-11-13|18:36:43|1
2019-11-13 18:36:48,182|root        |INFO    |topic|sensor/1|message|2019-11-13|18:36:48|5
2019-11-13 18:36:53,187|root        |INFO    |topic|sensor/1|message|2019-11-13|18:36:53|2
2019-11-13 18:36:58,191|root        |INFO    |topic|sensor/1|message|2019-11-13|18:36:58|5
2019-11-13 18:37:03,196|root        |INFO    |topic|sensor/1|message|2019-11-13|18:37:03|1
2019-11-13 18:37:08,201|root        |INFO    |topic|sensor/1|message|2019-11-13|18:37:08|6
2019-11-13 18:37:13,207|root        |INFO    |topic|sensor/1|message|2019-11-13|18:37:13|1
2019-11-13 18:37:18,220|root        |INFO    |topic|sensor/1|message|2019-11-13|18:37:18|8
2019-11-13 18:37:23,225|root        |INFO    |topic|sensor/1|message|2019-11-13|18:37:23|4
2019-11-13 18:37:28,229|root        |INFO    |topic|sensor/1|message|2019-11-13|18:37:28|6
2019-11-13 18:37:33,234|root        |INFO    |topic|sensor/1|message|2019-11-13|18:37:33|5
2019-11-13 18:37:38,239|root        |INFO    |topic|sensor/1|message|2019-11-13|18:37:38|1
2019-11-13 18:37:43,243|root        |INFO    |topic|sensor/1|message|2019-11-13|18:37:43|1
2019-11-13 18:37:48,248|root        |INFO    |topic|sensor/1|message|2019-11-13|18:37:48|7
2019-11-13 18:37:53,254|root        |INFO    |topic|sensor/1|message|2019-11-13|18:37:53|3
2019-11-13 18:37:58,259|root        |INFO    |topic|sensor/1|message|2019-11-13|18:37:58|3
2019-11-13 18:38:03,264|root        |INFO    |topic|sensor/1|message|2019-11-13|18:38:03|6
2019-11-13 18:38:08,270|root        |INFO    |topic|sensor/1|message|2019-11-13|18:38:08|8
2019-11-13 18:38:13,275|root        |INFO    |topic|sensor/1|message|2019-11-13|18:38:13|8
2019-11-13 18:38:18,280|root        |INFO    |topic|sensor/1|message|2019-11-13|18:38:18|9
2019-11-13 18:38:23,285|root        |INFO    |topic|sensor/1|message|2019-11-13|18:38:23|2
2019-11-13 18:38:28,290|root        |INFO    |topic|sensor/1|message|2019-11-13|18:38:28|1
2019-11-13 18:38:33,294|root        |INFO    |topic|sensor/1|message|2019-11-13|18:38:33|10
2019-11-13 18:38:38,298|root        |INFO    |topic|sensor/1|message|2019-11-13|18:38:38|3
2019-11-13 18:38:43,304|root        |INFO    |topic|sensor/1|message|2019-11-13|18:38:43|9
2019-11-13 18:38:48,308|root        |INFO    |topic|sensor/1|message|2019-11-13|18:38:48|4
2019-11-13 18:38:53,313|root        |INFO    |topic|sensor/1|message|2019-11-13|18:38:53|4
2019-11-13 18:38:58,317|root        |INFO    |topic|sensor/1|message|2019-11-13|18:38:58|3
2019-11-13 18:39:03,323|root        |INFO    |topic|sensor/1|message|2019-11-13|18:39:03|7
2019-11-13 18:39:08,326|root        |INFO    |topic|sensor/1|message|2019-11-13|18:39:08|7
2019-11-13 18:39:13,333|root        |INFO    |topic|sensor/1|message|2019-11-13|18:39:13|8
2019-11-13 18:39:18,336|root        |INFO    |topic|sensor/1|message|2019-11-13|18:39:18|9
2019-11-13 18:39:23,342|root        |INFO    |topic|sensor/1|message|2019-11-13|18:39:23|1
2019-11-13 18:39:28,347|root        |INFO    |topic|sensor/1|message|2019-11-13|18:39:28|3
2019-11-13 18:39:33,353|root        |INFO    |topic|sensor/1|message|2019-11-13|18:39:33|7
2019-11-13 18:39:38,357|root        |INFO    |topic|sensor/1|message|2019-11-13|18:39:38|9
2019-11-13 18:39:43,361|root        |INFO    |topic|sensor/1|message|2019-11-13|18:39:43|3
2019-11-13 18:39:48,367|root        |INFO    |topic|sensor/1|message|2019-11-13|18:39:48|2
2019-11-13 18:39:53,372|root        |INFO    |topic|sensor/1|message|2019-11-13|18:39:53|7
2019-11-13 18:39:58,374|root        |INFO    |topic|sensor/1|message|2019-11-13|18:39:58|10
2019-11-13 18:40:03,377|root        |INFO    |topic|sensor/1|message|2019-11-13|18:40:03|1
2019-11-13 18:40:08,381|root        |INFO    |topic|sensor/1|message|2019-11-13|18:40:08|5
2019-11-13 18:40:13,386|root        |INFO    |topic|sensor/1|message|2019-11-13|18:40:13|2
2019-11-13 18:40:18,389|root        |INFO    |topic|sensor/1|message|2019-11-13|18:40:18|8
2019-11-13 18:40:23,392|root        |INFO    |topic|sensor/1|message|2019-11-13|18:40:23|1
2019-11-13 18:40:28,396|root        |INFO    |topic|sensor/1|message|2019-11-13|18:40:28|10
2019-11-13 18:40:33,398|root        |INFO    |topic|sensor/1|message|2019-11-13|18:40:33|10
2019-11-13 18:40:38,404|root        |INFO    |topic|sensor/1|message|2019-11-13|18:40:38|2
2019-11-13 18:40:43,406|root        |INFO    |topic|sensor/1|message|2019-11-13|18:40:43|3
2019-11-13 18:40:48,412|root        |INFO    |topic|sensor/1|message|2019-11-13|18:40:48|1
2019-11-13 18:40:53,415|root        |INFO    |topic|sensor/1|message|2019-11-13|18:40:53|5
2019-11-13 18:40:58,419|root        |INFO    |topic|sensor/1|message|2019-11-13|18:40:58|4
2019-11-13 18:41:03,423|root        |INFO    |topic|sensor/1|message|2019-11-13|18:41:03|3
2019-11-13 18:41:08,429|root        |INFO    |topic|sensor/1|message|2019-11-13|18:41:08|6
2019-11-13 18:41:13,433|root        |INFO    |topic|sensor/1|message|2019-11-13|18:41:13|9
2019-11-13 18:41:18,437|root        |INFO    |topic|sensor/1|message|2019-11-13|18:41:18|8
2019-11-13 18:41:23,443|root        |INFO    |topic|sensor/1|message|2019-11-13|18:41:23|3
2019-11-13 18:41:28,449|root        |INFO    |topic|sensor/1|message|2019-11-13|18:41:28|8
2019-11-13 18:41:33,454|root        |INFO    |topic|sensor/1|message|2019-11-13|18:41:33|10
2019-11-13 18:41:38,460|root        |INFO    |topic|sensor/1|message|2019-11-13|18:41:38|8
2019-11-13 18:41:43,464|root        |INFO    |topic|sensor/1|message|2019-11-13|18:41:43|9
2019-11-13 18:41:48,470|root        |INFO    |topic|sensor/1|message|2019-11-13|18:41:48|4
2019-11-13 18:41:53,474|root        |INFO    |topic|sensor/1|message|2019-11-13|18:41:53|1
2019-11-13 18:41:58,480|root        |INFO    |topic|sensor/1|message|2019-11-13|18:41:58|6
2019-11-13 18:42:03,484|root        |INFO    |topic|sensor/1|message|2019-11-13|18:42:03|10
2019-11-13 18:42:08,487|root        |INFO    |topic|sensor/1|message|2019-11-13|18:42:08|4
2019-11-13 18:42:13,493|root        |INFO    |topic|sensor/1|message|2019-11-13|18:42:13|9
2019-11-13 18:42:18,498|root        |INFO    |topic|sensor/1|message|2019-11-13|18:42:18|2
2019-11-13 18:42:23,500|root        |INFO    |topic|sensor/1|message|2019-11-13|18:42:23|10
2019-11-13 18:42:28,503|root        |INFO    |topic|sensor/1|message|2019-11-13|18:42:28|6
2019-11-13 18:42:33,513|root        |INFO    |topic|sensor/1|message|2019-11-13|18:42:33|7
2019-11-13 18:42:38,516|root        |INFO    |topic|sensor/1|message|2019-11-13|18:42:38|2
2019-11-13 18:42:43,518|root        |INFO    |topic|sensor/1|message|2019-11-13|18:42:43|8
2019-11-13 18:42:48,520|root        |INFO    |topic|sensor/1|message|2019-11-13|18:42:48|6
2019-11-13 18:42:53,524|root        |INFO    |topic|sensor/1|message|2019-11-13|18:42:53|7
2019-11-13 18:42:58,527|root        |INFO    |topic|sensor/1|message|2019-11-13|18:42:58|1
2019-11-13 18:43:03,532|root        |INFO    |topic|sensor/1|message|2019-11-13|18:43:03|1
2019-11-13 18:43:08,535|root        |INFO    |topic|sensor/1|message|2019-11-13|18:43:08|4
2019-11-13 18:43:13,541|root        |INFO    |topic|sensor/1|message|2019-11-13|18:43:13|8
2019-11-13 18:43:18,546|root        |INFO    |topic|sensor/1|message|2019-11-13|18:43:18|10
2019-11-13 18:43:23,551|root        |INFO    |topic|sensor/1|message|2019-11-13|18:43:23|10
2019-11-13 18:43:28,556|root        |INFO    |topic|sensor/1|message|2019-11-13|18:43:28|6
2019-11-13 18:43:33,560|root        |INFO    |topic|sensor/1|message|2019-11-13|18:43:33|3
2019-11-13 18:43:38,566|root        |INFO    |topic|sensor/1|message|2019-11-13|18:43:38|5
2019-11-13 18:43:43,570|root        |INFO    |topic|sensor/1|message|2019-11-13|18:43:43|8
2019-11-13 18:43:48,574|root        |INFO    |topic|sensor/1|message|2019-11-13|18:43:48|4
2019-11-13 18:43:53,576|root        |INFO    |topic|sensor/1|message|2019-11-13|18:43:53|8
2019-11-13 18:43:58,581|root        |INFO    |topic|sensor/1|message|2019-11-13|18:43:58|5
2019-11-13 18:44:03,586|root        |INFO    |topic|sensor/1|message|2019-11-13|18:44:03|7
2019-11-13 18:44:08,591|root        |INFO    |topic|sensor/1|message|2019-11-13|18:44:08|9
2019-11-13 18:44:13,597|root        |INFO    |topic|sensor/1|message|2019-11-13|18:44:13|9
2019-11-13 18:44:18,601|root        |INFO    |topic|sensor/1|message|2019-11-13|18:44:18|6
2019-11-13 18:44:23,605|root        |INFO    |topic|sensor/1|message|2019-11-13|18:44:23|5
2019-11-13 18:44:28,610|root        |INFO    |topic|sensor/1|message|2019-11-13|18:44:28|8
2019-11-13 18:44:33,614|root        |INFO    |topic|sensor/1|message|2019-11-13|18:44:33|4
2019-11-13 18:44:38,617|root        |INFO    |topic|sensor/1|message|2019-11-13|18:44:38|1
2019-11-13 18:44:43,622|root        |INFO    |topic|sensor/1|message|2019-11-13|18:44:43|2
2019-11-13 18:44:48,626|root        |INFO    |topic|sensor/1|message|2019-11-13|18:44:48|3
2019-11-13 18:44:53,630|root        |INFO    |topic|sensor/1|message|2019-11-13|18:44:53|2
2019-11-13 18:44:58,636|root        |INFO    |topic|sensor/1|message|2019-11-13|18:44:58|2
2019-11-13 18:45:03,644|root        |INFO    |topic|sensor/1|message|2019-11-13|18:45:03|10
2019-11-13 18:45:08,650|root        |INFO    |topic|sensor/1|message|2019-11-13|18:45:08|6
2019-11-13 18:45:13,655|root        |INFO    |topic|sensor/1|message|2019-11-13|18:45:13|9
2019-11-13 18:45:18,662|root        |INFO    |topic|sensor/1|message|2019-11-13|18:45:18|4
2019-11-13 18:45:23,665|root        |INFO    |topic|sensor/1|message|2019-11-13|18:45:23|6
2019-11-13 18:45:28,670|root        |INFO    |topic|sensor/1|message|2019-11-13|18:45:28|9
2019-11-13 18:45:33,673|root        |INFO    |topic|sensor/1|message|2019-11-13|18:45:33|6
2019-11-13 18:45:38,677|root        |INFO    |topic|sensor/1|message|2019-11-13|18:45:38|8
2019-11-13 18:45:43,680|root        |INFO    |topic|sensor/1|message|2019-11-13|18:45:43|5
2019-11-13 18:45:48,685|root        |INFO    |topic|sensor/1|message|2019-11-13|18:45:48|7
2019-11-13 18:45:53,690|root        |INFO    |topic|sensor/1|message|2019-11-13|18:45:53|4
2019-11-13 18:45:58,695|root        |INFO    |topic|sensor/1|message|2019-11-13|18:45:58|5
2019-11-13 18:46:03,699|root        |INFO    |topic|sensor/1|message|2019-11-13|18:46:03|7
2019-11-13 18:46:08,703|root        |INFO    |topic|sensor/1|message|2019-11-13|18:46:08|1
2019-11-13 18:46:13,707|root        |INFO    |topic|sensor/1|message|2019-11-13|18:46:13|4
2019-11-13 18:46:18,712|root        |INFO    |topic|sensor/1|message|2019-11-13|18:46:18|3
2019-11-13 18:46:23,716|root        |INFO    |topic|sensor/1|message|2019-11-13|18:46:23|9
2019-11-13 18:46:28,719|root        |INFO    |topic|sensor/1|message|2019-11-13|18:46:28|6
2019-11-13 18:46:33,725|root        |INFO    |topic|sensor/1|message|2019-11-13|18:46:33|4
2019-11-13 18:46:38,727|root        |INFO    |topic|sensor/1|message|2019-11-13|18:46:38|7
2019-11-13 18:46:43,731|root        |INFO    |topic|sensor/1|message|2019-11-13|18:46:43|10
2019-11-13 18:46:48,737|root        |INFO    |topic|sensor/1|message|2019-11-13|18:46:48|7
2019-11-13 18:46:53,744|root        |INFO    |topic|sensor/1|message|2019-11-13|18:46:53|10
2019-11-13 18:46:58,748|root        |INFO    |topic|sensor/1|message|2019-11-13|18:46:58|3
2019-11-13 18:47:03,754|root        |INFO    |topic|sensor/1|message|2019-11-13|18:47:03|7
2019-11-13 18:47:08,758|root        |INFO    |topic|sensor/1|message|2019-11-13|18:47:08|5
2019-11-13 18:47:13,760|root        |INFO    |topic|sensor/1|message|2019-11-13|18:47:13|8
2019-11-13 18:47:18,766|root        |INFO    |topic|sensor/1|message|2019-11-13|18:47:18|3
2019-11-13 18:47:23,771|root        |INFO    |topic|sensor/1|message|2019-11-13|18:47:23|3
2019-11-13 18:47:28,776|root        |INFO    |topic|sensor/1|message|2019-11-13|18:47:28|6
2019-11-13 18:47:33,777|root        |INFO    |topic|sensor/1|message|2019-11-13|18:47:33|9
2019-11-13 18:47:38,783|root        |INFO    |topic|sensor/1|message|2019-11-13|18:47:38|2
2019-11-13 18:47:43,788|root        |INFO    |topic|sensor/1|message|2019-11-13|18:47:43|4
2019-11-13 18:47:48,792|root        |INFO    |topic|sensor/1|message|2019-11-13|18:47:48|10
2019-11-13 18:47:53,797|root        |INFO    |topic|sensor/1|message|2019-11-13|18:47:53|10
2019-11-13 18:47:58,799|root        |INFO    |topic|sensor/1|message|2019-11-13|18:47:58|9
2019-11-13 18:48:03,804|root        |INFO    |topic|sensor/1|message|2019-11-13|18:48:03|5
2019-11-13 18:48:08,814|root        |INFO    |topic|sensor/1|message|2019-11-13|18:48:08|1
2019-11-13 18:48:13,818|root        |INFO    |topic|sensor/1|message|2019-11-13|18:48:13|7
2019-11-13 18:48:18,823|root        |INFO    |topic|sensor/1|message|2019-11-13|18:48:18|4
2019-11-13 18:48:23,828|root        |INFO    |topic|sensor/1|message|2019-11-13|18:48:23|9
2019-11-13 18:48:28,833|root        |INFO    |topic|sensor/1|message|2019-11-13|18:48:28|6
2019-11-13 18:48:33,837|root        |INFO    |topic|sensor/1|message|2019-11-13|18:48:33|7
2019-11-13 18:48:38,840|root        |INFO    |topic|sensor/1|message|2019-11-13|18:48:38|1
2019-11-13 18:48:43,844|root        |INFO    |topic|sensor/1|message|2019-11-13|18:48:43|3
2019-11-13 18:48:48,849|root        |INFO    |topic|sensor/1|message|2019-11-13|18:48:48|8
2019-11-13 18:48:53,854|root        |INFO    |topic|sensor/1|message|2019-11-13|18:48:53|2
2019-11-13 18:48:58,861|root        |INFO    |topic|sensor/1|message|2019-11-13|18:48:58|10
2019-11-13 18:49:03,866|root        |INFO    |topic|sensor/1|message|2019-11-13|18:49:03|5
2019-11-13 18:49:08,869|root        |INFO    |topic|sensor/1|message|2019-11-13|18:49:08|4
2019-11-13 18:49:13,874|root        |INFO    |topic|sensor/1|message|2019-11-13|18:49:13|10
2019-11-13 18:49:18,878|root        |INFO    |topic|sensor/1|message|2019-11-13|18:49:18|8
2019-11-13 18:49:23,879|root        |INFO    |topic|sensor/1|message|2019-11-13|18:49:23|8
2019-11-13 18:49:28,880|root        |INFO    |topic|sensor/1|message|2019-11-13|18:49:28|9
2019-11-13 18:49:33,883|root        |INFO    |topic|sensor/1|message|2019-11-13|18:49:33|4
2019-11-13 18:49:38,887|root        |INFO    |topic|sensor/1|message|2019-11-13|18:49:38|1
2019-11-13 18:49:43,891|root        |INFO    |topic|sensor/1|message|2019-11-13|18:49:43|10
2019-11-13 18:49:48,896|root        |INFO    |topic|sensor/1|message|2019-11-13|18:49:48|8
2019-11-13 18:49:53,901|root        |INFO    |topic|sensor/1|message|2019-11-13|18:49:53|6
2019-11-13 18:49:58,906|root        |INFO    |topic|sensor/1|message|2019-11-13|18:49:58|8
2019-11-13 18:50:03,911|root        |INFO    |topic|sensor/1|message|2019-11-13|18:50:03|1
2019-11-13 18:50:08,916|root        |INFO    |topic|sensor/1|message|2019-11-13|18:50:08|9
2019-11-13 18:50:13,922|root        |INFO    |topic|sensor/1|message|2019-11-13|18:50:13|3
2019-11-13 18:50:18,928|root        |INFO    |topic|sensor/1|message|2019-11-13|18:50:18|3
2019-11-13 18:50:23,932|root        |INFO    |topic|sensor/1|message|2019-11-13|18:50:23|8
2019-11-13 18:50:28,937|root        |INFO    |topic|sensor/1|message|2019-11-13|18:50:28|9
2019-11-13 18:50:33,941|root        |INFO    |topic|sensor/1|message|2019-11-13|18:50:33|10
2019-11-13 18:50:38,946|root        |INFO    |topic|sensor/1|message|2019-11-13|18:50:38|9
2019-11-13 18:50:43,950|root        |INFO    |topic|sensor/1|message|2019-11-13|18:50:43|2
2019-11-13 18:50:48,955|root        |INFO    |topic|sensor/1|message|2019-11-13|18:50:48|5
2019-11-13 18:50:53,960|root        |INFO    |topic|sensor/1|message|2019-11-13|18:50:53|8
2019-11-13 18:50:58,964|root        |INFO    |topic|sensor/1|message|2019-11-13|18:50:58|7
2019-11-13 18:51:03,969|root        |INFO    |topic|sensor/1|message|2019-11-13|18:51:03|8
2019-11-13 18:51:08,975|root        |INFO    |topic|sensor/1|message|2019-11-13|18:51:08|6
2019-11-13 18:51:13,977|root        |INFO    |topic|sensor/1|message|2019-11-13|18:51:13|7
2019-11-13 18:51:18,978|root        |INFO    |topic|sensor/1|message|2019-11-13|18:51:18|7
2019-11-13 18:51:23,983|root        |INFO    |topic|sensor/1|message|2019-11-13|18:51:23|4
2019-11-13 18:51:28,988|root        |INFO    |topic|sensor/1|message|2019-11-13|18:51:28|7
2019-11-13 18:51:33,993|root        |INFO    |topic|sensor/1|message|2019-11-13|18:51:33|2
2019-11-13 18:51:38,998|root        |INFO    |topic|sensor/1|message|2019-11-13|18:51:38|3
2019-11-13 18:51:44,000|root        |INFO    |topic|sensor/1|message|2019-11-13|18:51:44|5
2019-11-13 18:51:49,005|root        |INFO    |topic|sensor/1|message|2019-11-13|18:51:49|5
2019-11-13 18:51:54,010|root        |INFO    |topic|sensor/1|message|2019-11-13|18:51:54|4
2019-11-13 18:51:59,015|root        |INFO    |topic|sensor/1|message|2019-11-13|18:51:59|3
2019-11-13 18:52:04,019|root        |INFO    |topic|sensor/1|message|2019-11-13|18:52:04|1
2019-11-13 18:52:09,019|root        |INFO    |topic|sensor/1|message|2019-11-13|18:52:09|6
2019-11-13 18:52:14,022|root        |INFO    |topic|sensor/1|message|2019-11-13|18:52:14|10
2019-11-13 18:52:19,028|root        |INFO    |topic|sensor/1|message|2019-11-13|18:52:19|2
2019-11-13 18:52:24,032|root        |INFO    |topic|sensor/1|message|2019-11-13|18:52:24|10
2019-11-13 18:52:29,037|root        |INFO    |topic|sensor/1|message|2019-11-13|18:52:29|9
2019-11-13 18:52:34,038|root        |INFO    |topic|sensor/1|message|2019-11-13|18:52:34|6
2019-11-13 18:52:39,042|root        |INFO    |topic|sensor/1|message|2019-11-13|18:52:39|5
2019-11-13 18:52:44,046|root        |INFO    |topic|sensor/1|message|2019-11-13|18:52:44|1
2019-11-13 18:52:49,047|root        |INFO    |topic|sensor/1|message|2019-11-13|18:52:49|6
2019-11-13 18:52:54,052|root        |INFO    |topic|sensor/1|message|2019-11-13|18:52:54|5
2019-11-13 18:52:59,055|root        |INFO    |topic|sensor/1|message|2019-11-13|18:52:59|4
2019-11-13 18:53:04,061|root        |INFO    |topic|sensor/1|message|2019-11-13|18:53:04|6
2019-11-13 18:53:09,065|root        |INFO    |topic|sensor/1|message|2019-11-13|18:53:09|9
2019-11-13 18:53:14,069|root        |INFO    |topic|sensor/1|message|2019-11-13|18:53:14|8
2019-11-13 18:53:19,074|root        |INFO    |topic|sensor/1|message|2019-11-13|18:53:19|3
2019-11-13 18:53:24,079|root        |INFO    |topic|sensor/1|message|2019-11-13|18:53:24|7
2019-11-13 18:53:29,081|root        |INFO    |topic|sensor/1|message|2019-11-13|18:53:29|2
2019-11-13 18:53:34,085|root        |INFO    |topic|sensor/1|message|2019-11-13|18:53:34|2
2019-11-13 18:53:39,089|root        |INFO    |topic|sensor/1|message|2019-11-13|18:53:39|9
2019-11-13 18:53:44,092|root        |INFO    |topic|sensor/1|message|2019-11-13|18:53:44|10
2019-11-13 18:53:49,098|root        |INFO    |topic|sensor/1|message|2019-11-13|18:53:49|10
2019-11-13 18:53:54,104|root        |INFO    |topic|sensor/1|message|2019-11-13|18:53:54|1
2019-11-13 18:53:59,111|root        |INFO    |topic|sensor/1|message|2019-11-13|18:53:59|7
2019-11-13 18:54:04,112|root        |INFO    |topic|sensor/1|message|2019-11-13|18:54:04|4
2019-11-13 18:54:09,117|root        |INFO    |topic|sensor/1|message|2019-11-13|18:54:09|9
2019-11-13 18:54:14,124|root        |INFO    |topic|sensor/1|message|2019-11-13|18:54:14|4
2019-11-13 18:54:19,128|root        |INFO    |topic|sensor/1|message|2019-11-13|18:54:19|3
2019-11-13 18:54:24,132|root        |INFO    |topic|sensor/1|message|2019-11-13|18:54:24|1
2019-11-13 18:54:29,137|root        |INFO    |topic|sensor/1|message|2019-11-13|18:54:29|1
2019-11-13 18:54:34,140|root        |INFO    |topic|sensor/1|message|2019-11-13|18:54:34|1
2019-11-13 18:54:39,145|root        |INFO    |topic|sensor/1|message|2019-11-13|18:54:39|9
2019-11-13 18:54:44,149|root        |INFO    |topic|sensor/1|message|2019-11-13|18:54:44|1
2019-11-13 18:54:49,151|root        |INFO    |topic|sensor/1|message|2019-11-13|18:54:49|10
2019-11-13 18:54:54,155|root        |INFO    |topic|sensor/1|message|2019-11-13|18:54:54|8
2019-11-13 18:54:59,161|root        |INFO    |topic|sensor/1|message|2019-11-13|18:54:59|5
2019-11-13 18:55:04,165|root        |INFO    |topic|sensor/1|message|2019-11-13|18:55:04|6
2019-11-13 18:55:09,170|root        |INFO    |topic|sensor/1|message|2019-11-13|18:55:09|7
2019-11-13 18:55:14,176|root        |INFO    |topic|sensor/1|message|2019-11-13|18:55:14|2
2019-11-13 18:55:19,178|root        |INFO    |topic|sensor/1|message|2019-11-13|18:55:19|3
2019-11-13 18:55:24,181|root        |INFO    |topic|sensor/1|message|2019-11-13|18:55:24|3
2019-11-13 18:55:29,185|root        |INFO    |topic|sensor/1|message|2019-11-13|18:55:29|8
2019-11-13 18:55:34,188|root        |INFO    |topic|sensor/1|message|2019-11-13|18:55:34|1
2019-11-13 18:55:39,192|root        |INFO    |topic|sensor/1|message|2019-11-13|18:55:39|3
2019-11-13 18:55:44,197|root        |INFO    |topic|sensor/1|message|2019-11-13|18:55:44|9
2019-11-13 18:55:49,203|root        |INFO    |topic|sensor/1|message|2019-11-13|18:55:49|6
2019-11-13 18:55:54,206|root        |INFO    |topic|sensor/1|message|2019-11-13|18:55:54|7
2019-11-13 18:55:59,212|root        |INFO    |topic|sensor/1|message|2019-11-13|18:55:59|9
2019-11-13 18:56:04,216|root        |INFO    |topic|sensor/1|message|2019-11-13|18:56:04|1
2019-11-13 18:56:09,219|root        |INFO    |topic|sensor/1|message|2019-11-13|18:56:09|5
2019-11-13 18:56:14,225|root        |INFO    |topic|sensor/1|message|2019-11-13|18:56:14|9
2019-11-13 18:56:19,229|root        |INFO    |topic|sensor/1|message|2019-11-13|18:56:19|9
2019-11-13 18:56:24,231|root        |INFO    |topic|sensor/1|message|2019-11-13|18:56:24|9
2019-11-13 18:56:29,235|root        |INFO    |topic|sensor/1|message|2019-11-13|18:56:29|9
2019-11-13 18:56:34,238|root        |INFO    |topic|sensor/1|message|2019-11-13|18:56:34|6
2019-11-13 18:56:39,244|root        |INFO    |topic|sensor/1|message|2019-11-13|18:56:39|4
2019-11-13 18:56:44,249|root        |INFO    |topic|sensor/1|message|2019-11-13|18:56:44|3
2019-11-13 18:56:49,255|root        |INFO    |topic|sensor/1|message|2019-11-13|18:56:49|4
2019-11-13 18:56:54,258|root        |INFO    |topic|sensor/1|message|2019-11-13|18:56:54|3
2019-11-13 18:56:59,265|root        |INFO    |topic|sensor/1|message|2019-11-13|18:56:59|9
2019-11-13 18:57:04,270|root        |INFO    |topic|sensor/1|message|2019-11-13|18:57:04|1
2019-11-13 18:57:09,275|root        |INFO    |topic|sensor/1|message|2019-11-13|18:57:09|3
2019-11-13 18:57:14,280|root        |INFO    |topic|sensor/1|message|2019-11-13|18:57:14|7
2019-11-13 18:57:19,283|root        |INFO    |topic|sensor/1|message|2019-11-13|18:57:19|3
2019-11-13 18:57:24,288|root        |INFO    |topic|sensor/1|message|2019-11-13|18:57:24|10
2019-11-13 18:57:29,290|root        |INFO    |topic|sensor/1|message|2019-11-13|18:57:29|3
2019-11-13 18:57:34,294|root        |INFO    |topic|sensor/1|message|2019-11-13|18:57:34|2
2019-11-13 18:57:39,298|root        |INFO    |topic|sensor/1|message|2019-11-13|18:57:39|4
2019-11-13 18:57:44,302|root        |INFO    |topic|sensor/1|message|2019-11-13|18:57:44|10
2019-11-13 18:57:49,308|root        |INFO    |topic|sensor/1|message|2019-11-13|18:57:49|5
2019-11-13 18:57:54,313|root        |INFO    |topic|sensor/1|message|2019-11-13|18:57:54|2
2019-11-13 18:57:59,317|root        |INFO    |topic|sensor/1|message|2019-11-13|18:57:59|5
2019-11-13 18:58:04,319|root        |INFO    |topic|sensor/1|message|2019-11-13|18:58:04|10
2019-11-13 18:58:09,321|root        |INFO    |topic|sensor/1|message|2019-11-13|18:58:09|10
2019-11-13 18:58:14,325|root        |INFO    |topic|sensor/1|message|2019-11-13|18:58:14|6
2019-11-13 18:58:19,331|root        |INFO    |topic|sensor/1|message|2019-11-13|18:58:19|8
2019-11-13 18:58:24,335|root        |INFO    |topic|sensor/1|message|2019-11-13|18:58:24|9
2019-11-13 18:58:29,339|root        |INFO    |topic|sensor/1|message|2019-11-13|18:58:29|3
2019-11-13 18:58:34,340|root        |INFO    |topic|sensor/1|message|2019-11-13|18:58:34|4
2019-11-13 18:58:39,348|root        |INFO    |topic|sensor/1|message|2019-11-13|18:58:39|3
2019-11-13 18:58:44,354|root        |INFO    |topic|sensor/1|message|2019-11-13|18:58:44|3
2019-11-13 18:58:49,358|root        |INFO    |topic|sensor/1|message|2019-11-13|18:58:49|9
2019-11-13 18:58:54,363|root        |INFO    |topic|sensor/1|message|2019-11-13|18:58:54|2
2019-11-13 18:58:59,367|root        |INFO    |topic|sensor/1|message|2019-11-13|18:58:59|2
2019-11-13 18:59:04,371|root        |INFO    |topic|sensor/1|message|2019-11-13|18:59:04|2
2019-11-13 18:59:09,378|root        |INFO    |topic|sensor/1|message|2019-11-13|18:59:09|8
2019-11-13 18:59:14,382|root        |INFO    |topic|sensor/1|message|2019-11-13|18:59:14|1
2019-11-13 18:59:19,388|root        |INFO    |topic|sensor/1|message|2019-11-13|18:59:19|2
2019-11-13 18:59:24,392|root        |INFO    |topic|sensor/1|message|2019-11-13|18:59:24|4
2019-11-13 18:59:29,397|root        |INFO    |topic|sensor/1|message|2019-11-13|18:59:29|9
2019-11-13 18:59:34,404|root        |INFO    |topic|sensor/1|message|2019-11-13|18:59:34|5
2019-11-13 18:59:39,411|root        |INFO    |topic|sensor/1|message|2019-11-13|18:59:39|6
2019-11-13 18:59:44,413|root        |INFO    |topic|sensor/1|message|2019-11-13|18:59:44|10
2019-11-13 18:59:49,418|root        |INFO    |topic|sensor/1|message|2019-11-13|18:59:49|8
2019-11-13 18:59:54,421|root        |INFO    |topic|sensor/1|message|2019-11-13|18:59:54|7
2019-11-13 18:59:59,425|root        |INFO    |topic|sensor/1|message|2019-11-13|18:59:59|2
2019-11-13 19:00:04,429|root        |INFO    |topic|sensor/1|message|2019-11-13|19:00:04|7
2019-11-13 19:00:09,437|root        |INFO    |topic|sensor/1|message|2019-11-13|19:00:09|10
2019-11-13 19:00:14,443|root        |INFO    |topic|sensor/1|message|2019-11-13|19:00:14|3
2019-11-13 19:00:19,447|root        |INFO    |topic|sensor/1|message|2019-11-13|19:00:19|8
2019-11-13 19:00:24,453|root        |INFO    |topic|sensor/1|message|2019-11-13|19:00:24|3
2019-11-13 19:00:29,459|root        |INFO    |topic|sensor/1|message|2019-11-13|19:00:29|10
2019-11-13 19:00:34,464|root        |INFO    |topic|sensor/1|message|2019-11-13|19:00:34|6
2019-11-13 19:00:39,472|root        |INFO    |topic|sensor/1|message|2019-11-13|19:00:39|10
2019-11-13 19:00:44,479|root        |INFO    |topic|sensor/1|message|2019-11-13|19:00:44|8
2019-11-13 19:00:49,482|root        |INFO    |topic|sensor/1|message|2019-11-13|19:00:49|5
2019-11-13 19:00:54,486|root        |INFO    |topic|sensor/1|message|2019-11-13|19:00:54|9
2019-11-13 19:00:59,492|root        |INFO    |topic|sensor/1|message|2019-11-13|19:00:59|9
2019-11-13 19:01:04,497|root        |INFO    |topic|sensor/1|message|2019-11-13|19:01:04|9
2019-11-13 19:01:09,501|root        |INFO    |topic|sensor/1|message|2019-11-13|19:01:09|4
2019-11-13 19:01:14,503|root        |INFO    |topic|sensor/1|message|2019-11-13|19:01:14|9
2019-11-13 19:01:19,509|root        |INFO    |topic|sensor/1|message|2019-11-13|19:01:19|3
2019-11-13 19:01:24,511|root        |INFO    |topic|sensor/1|message|2019-11-13|19:01:24|4
2019-11-13 19:01:29,516|root        |INFO    |topic|sensor/1|message|2019-11-13|19:01:29|9
2019-11-13 19:01:34,519|root        |INFO    |topic|sensor/1|message|2019-11-13|19:01:34|1
2019-11-13 19:01:39,523|root        |INFO    |topic|sensor/1|message|2019-11-13|19:01:39|3
2019-11-13 19:01:44,523|root        |INFO    |topic|sensor/1|message|2019-11-13|19:01:44|9
2019-11-13 19:01:49,528|root        |INFO    |topic|sensor/1|message|2019-11-13|19:01:49|2
2019-11-13 19:01:54,533|root        |INFO    |topic|sensor/1|message|2019-11-13|19:01:54|10
2019-11-13 19:01:59,537|root        |INFO    |topic|sensor/1|message|2019-11-13|19:01:59|1
2019-11-13 19:02:04,540|root        |INFO    |topic|sensor/1|message|2019-11-13|19:02:04|2
2019-11-13 19:02:09,547|root        |INFO    |topic|sensor/1|message|2019-11-13|19:02:09|4
